<?xml version="1.0" encoding="UTF-8"?>
<!-- Generated by org.testng.reporters.JUnitReportReporter -->
<testsuite hostname="Rohit" failures="0" tests="1" name="com.DC.testCase.Direction" time="25.118" errors="0" timestamp="2023-12-11T17:29:13 IST" skipped="0">
  <testcase classname="com.DC.testCase.Direction" name="directionTest" time="25.118"/>
</testsuite> <!-- com.DC.testCase.Direction -->
