<?xml version="1.0" encoding="UTF-8"?>
<!-- Generated by org.testng.reporters.JUnitReportReporter -->
<testsuite hostname="Rohit" failures="0" tests="1" name="com.DC.testCase.TC_Login_001" time="9.353" errors="0" timestamp="2023-12-11T12:17:46 IST" skipped="0">
  <testcase classname="com.DC.testCase.TC_Login_001" name="loginTest" time="9.353"/>
</testsuite> <!-- com.DC.testCase.TC_Login_001 -->
