<?xml version="1.0" encoding="UTF-8"?>
<!-- Generated by org.testng.reporters.JUnitReportReporter -->
<testsuite hostname="Rohit" failures="0" tests="13" name="com.DC.testCase.DescriptionAndHabits" time="97.617" errors="0" timestamp="2023-06-05T16:01:14 IST" skipped="0">
  <testcase classname="com.DC.testCase.DescriptionAndHabits" name="loginTest" time="2.581"/>
  <system-out/>
  <testcase classname="com.DC.testCase.DescriptionAndHabits" name="UserTest" time="4.770"/>
  <system-out/>
  <testcase classname="com.DC.testCase.DescriptionAndHabits" name="IntoTest" time="9.712"/>
  <system-out/>
  <testcase classname="com.DC.testCase.DescriptionAndHabits" name="PresentTest" time="4.200"/>
  <system-out/>
  <testcase classname="com.DC.testCase.DescriptionAndHabits" name="PermanentAddressTest" time="5.189"/>
  <system-out/>
  <testcase classname="com.DC.testCase.DescriptionAndHabits" name="EducationTest" time="9.396"/>
  <system-out/>
  <testcase classname="com.DC.testCase.DescriptionAndHabits" name="TelephoneNumberTest" time="5.148"/>
  <system-out/>
  <testcase classname="com.DC.testCase.DescriptionAndHabits" name="LanguageTest" time="5.138"/>
  <system-out/>
  <testcase classname="com.DC.testCase.DescriptionAndHabits" name="EmailTest" time="2.127"/>
  <system-out/>
  <testcase classname="com.DC.testCase.DescriptionAndHabits" name="MessgingAppTest" time="3.162"/>
  <system-out/>
  <testcase classname="com.DC.testCase.DescriptionAndHabits" name="PersonalDocumentTest" time="4.126"/>
  <system-out/>
  <testcase classname="com.DC.testCase.DescriptionAndHabits" name="VoiceSampleTest" time="18.494"/>
  <system-out/>
  <testcase classname="com.DC.testCase.DescriptionAndHabits" name="DescriptionandHabitTest" time="23.574"/>
  <system-out/>
</testsuite> <!-- com.DC.testCase.DescriptionAndHabits -->
