<?xml version="1.0" encoding="UTF-8"?>
<!-- Generated by org.testng.reporters.JUnitReportReporter -->
<testsuite hostname="Rohit" failures="0" tests="12" name="com.DC.testCase.VoiceSample" time="84.181" errors="0" timestamp="2023-05-12T11:13:29 IST" skipped="0">
  <testcase classname="com.DC.testCase.VoiceSample" name="loginTest" time="2.395"/>
  <system-out/>
  <testcase classname="com.DC.testCase.VoiceSample" name="UserTest" time="4.735"/>
  <system-out/>
  <testcase classname="com.DC.testCase.VoiceSample" name="IntoTest" time="9.273"/>
  <system-out/>
  <testcase classname="com.DC.testCase.VoiceSample" name="PresentTest" time="4.122"/>
  <system-out/>
  <testcase classname="com.DC.testCase.VoiceSample" name="PermanentAddressTest" time="5.143"/>
  <system-out/>
  <testcase classname="com.DC.testCase.VoiceSample" name="EducationTest" time="9.282"/>
  <system-out/>
  <testcase classname="com.DC.testCase.VoiceSample" name="TelephoneNumberTest" time="5.149"/>
  <system-out/>
  <testcase classname="com.DC.testCase.VoiceSample" name="LanguageTest" time="5.115"/>
  <system-out/>
  <testcase classname="com.DC.testCase.VoiceSample" name="EmailTest" time="2.080"/>
  <system-out/>
  <testcase classname="com.DC.testCase.VoiceSample" name="MessgingAppTest" time="3.136"/>
  <system-out/>
  <testcase classname="com.DC.testCase.VoiceSample" name="PersonalDocumentTest" time="4.105"/>
  <system-out/>
  <testcase classname="com.DC.testCase.VoiceSample" name="VoiceSampleTest" time="29.646"/>
  <system-out/>
</testsuite> <!-- com.DC.testCase.VoiceSample -->
