<?xml version="1.0" encoding="UTF-8"?>
<!-- Generated by org.testng.reporters.JUnitReportReporter -->
<testsuite hostname="Rohit" failures="0" tests="5" name="com.DC.testCase.PermanentAddress" time="126.740" errors="0" timestamp="2023-05-05T15:49:03 IST" skipped="0">
  <testcase classname="com.DC.testCase.PermanentAddress" name="loginTest" time="2.611"/>
  <system-out/>
  <testcase classname="com.DC.testCase.PermanentAddress" name="UserTest" time="4.975"/>
  <system-out/>
  <testcase classname="com.DC.testCase.PermanentAddress" name="IntoTest" time="54.535"/>
  <system-out/>
  <testcase classname="com.DC.testCase.PermanentAddress" name="PresentTest" time="35.065"/>
  <system-out/>
  <testcase classname="com.DC.testCase.PermanentAddress" name="PermanentAddressTest" time="29.554"/>
  <system-out/>
</testsuite> <!-- com.DC.testCase.PermanentAddress -->
