<?xml version="1.0" encoding="UTF-8"?>
<!-- Generated by org.testng.reporters.JUnitReportReporter -->
<testsuite hostname="Rohit" failures="0" tests="8" name="com.DC.testCase.Language" time="66.822" errors="0" timestamp="2023-05-09T12:25:23 IST" skipped="0">
  <testcase classname="com.DC.testCase.Language" name="loginTest" time="2.695"/>
  <system-out/>
  <testcase classname="com.DC.testCase.Language" name="UserTest" time="4.975"/>
  <system-out/>
  <testcase classname="com.DC.testCase.Language" name="IntoTest" time="9.662"/>
  <system-out/>
  <testcase classname="com.DC.testCase.Language" name="PresentTest" time="4.159"/>
  <system-out/>
  <testcase classname="com.DC.testCase.Language" name="PermanentAddressTest" time="5.145"/>
  <system-out/>
  <testcase classname="com.DC.testCase.Language" name="EducationTest" time="9.398"/>
  <system-out/>
  <testcase classname="com.DC.testCase.Language" name="TelephoneNumberTest" time="5.116"/>
  <system-out/>
  <testcase classname="com.DC.testCase.Language" name="LanguageTest" time="25.672"/>
  <system-out/>
</testsuite> <!-- com.DC.testCase.Language -->
