<?xml version="1.0" encoding="UTF-8"?>
<!-- Generated by org.testng.reporters.JUnitReportReporter -->
<testsuite hostname="Rohit" failures="0" tests="9" name="com.DC.testCase.Email" time="79.306" errors="0" timestamp="2023-05-09T15:07:44 IST" skipped="0">
  <testcase classname="com.DC.testCase.Email" name="loginTest" time="2.297"/>
  <system-out/>
  <testcase classname="com.DC.testCase.Email" name="UserTest" time="4.541"/>
  <system-out/>
  <testcase classname="com.DC.testCase.Email" name="IntoTest" time="9.242"/>
  <system-out/>
  <testcase classname="com.DC.testCase.Email" name="PresentTest" time="4.104"/>
  <system-out/>
  <testcase classname="com.DC.testCase.Email" name="PermanentAddressTest" time="5.103"/>
  <system-out/>
  <testcase classname="com.DC.testCase.Email" name="EducationTest" time="9.283"/>
  <system-out/>
  <testcase classname="com.DC.testCase.Email" name="TelephoneNumberTest" time="5.090"/>
  <system-out/>
  <testcase classname="com.DC.testCase.Email" name="LanguageTest" time="5.074"/>
  <system-out/>
  <testcase classname="com.DC.testCase.Email" name="EmailTest" time="34.572"/>
  <system-out/>
</testsuite> <!-- com.DC.testCase.Email -->
