<?xml version="1.0" encoding="UTF-8"?>
<!-- Generated by org.testng.reporters.JUnitReportReporter -->
<testsuite hostname="Rohit" failures="0" tests="7" name="com.DC.testCase.TelephoneNumber" time="59.558" errors="0" timestamp="2023-05-09T12:17:57 IST" skipped="0">
  <testcase classname="com.DC.testCase.TelephoneNumber" name="loginTest" time="2.616"/>
  <system-out/>
  <testcase classname="com.DC.testCase.TelephoneNumber" name="UserTest" time="4.991"/>
  <system-out/>
  <testcase classname="com.DC.testCase.TelephoneNumber" name="IntoTest" time="9.602"/>
  <system-out/>
  <testcase classname="com.DC.testCase.TelephoneNumber" name="PresentTest" time="4.182"/>
  <system-out/>
  <testcase classname="com.DC.testCase.TelephoneNumber" name="PermanentAddressTest" time="5.150"/>
  <system-out/>
  <testcase classname="com.DC.testCase.TelephoneNumber" name="EducationTest" time="9.523"/>
  <system-out/>
  <testcase classname="com.DC.testCase.TelephoneNumber" name="TelephoneNumberTest" time="23.494"/>
  <system-out/>
</testsuite> <!-- com.DC.testCase.TelephoneNumber -->
