<?xml version="1.0" encoding="UTF-8"?>
<!-- Generated by org.testng.reporters.JUnitReportReporter -->
<testsuite hostname="Rohit" failures="0" tests="11" name="com.DC.testCase.PersonalDocument" time="173.742" errors="0" timestamp="2023-05-10T23:37:01 IST" skipped="0">
  <testcase classname="com.DC.testCase.PersonalDocument" name="loginTest" time="2.357"/>
  <system-out/>
  <testcase classname="com.DC.testCase.PersonalDocument" name="UserTest" time="4.791"/>
  <system-out/>
  <testcase classname="com.DC.testCase.PersonalDocument" name="IntoTest" time="10.028"/>
  <system-out/>
  <testcase classname="com.DC.testCase.PersonalDocument" name="PresentTest" time="4.171"/>
  <system-out/>
  <testcase classname="com.DC.testCase.PersonalDocument" name="PermanentAddressTest" time="5.220"/>
  <system-out/>
  <testcase classname="com.DC.testCase.PersonalDocument" name="EducationTest" time="9.321"/>
  <system-out/>
  <testcase classname="com.DC.testCase.PersonalDocument" name="TelephoneNumberTest" time="5.130"/>
  <system-out/>
  <testcase classname="com.DC.testCase.PersonalDocument" name="LanguageTest" time="5.098"/>
  <system-out/>
  <testcase classname="com.DC.testCase.PersonalDocument" name="EmailTest" time="2.134"/>
  <system-out/>
  <testcase classname="com.DC.testCase.PersonalDocument" name="MessgingAppTest" time="3.126"/>
  <system-out/>
  <testcase classname="com.DC.testCase.PersonalDocument" name="PersonalDocumentTest" time="122.366"/>
  <system-out/>
</testsuite> <!-- com.DC.testCase.PersonalDocument -->
