<?xml version="1.0" encoding="UTF-8"?>
<!-- Generated by org.testng.reporters.JUnitReportReporter -->
<testsuite hostname="Rohit" failures="0" tests="15" name="com.DC.testCase.FriendsAssociatesDetails" time="211.451" errors="0" timestamp="2023-06-07T15:25:22 IST" skipped="0">
  <testcase classname="com.DC.testCase.FriendsAssociatesDetails" name="loginTest" time="2.611"/>
  <system-out/>
  <testcase classname="com.DC.testCase.FriendsAssociatesDetails" name="UserTest" time="4.788"/>
  <system-out/>
  <testcase classname="com.DC.testCase.FriendsAssociatesDetails" name="IntoTest" time="9.352"/>
  <system-out/>
  <testcase classname="com.DC.testCase.FriendsAssociatesDetails" name="PresentTest" time="4.191"/>
  <system-out/>
  <testcase classname="com.DC.testCase.FriendsAssociatesDetails" name="PermanentAddressTest" time="5.201"/>
  <system-out/>
  <testcase classname="com.DC.testCase.FriendsAssociatesDetails" name="EducationTest" time="9.400"/>
  <system-out/>
  <testcase classname="com.DC.testCase.FriendsAssociatesDetails" name="TelephoneNumberTest" time="5.118"/>
  <system-out/>
  <testcase classname="com.DC.testCase.FriendsAssociatesDetails" name="LanguageTest" time="5.141"/>
  <system-out/>
  <testcase classname="com.DC.testCase.FriendsAssociatesDetails" name="EmailTest" time="2.140"/>
  <system-out/>
  <testcase classname="com.DC.testCase.FriendsAssociatesDetails" name="MessgingAppTest" time="3.131"/>
  <system-out/>
  <testcase classname="com.DC.testCase.FriendsAssociatesDetails" name="PersonalDocumentTest" time="4.140"/>
  <system-out/>
  <testcase classname="com.DC.testCase.FriendsAssociatesDetails" name="VoiceSampleTest" time="18.476"/>
  <system-out/>
  <testcase classname="com.DC.testCase.FriendsAssociatesDetails" name="DescriptionandHabitTest" time="2.284"/>
  <system-out/>
  <testcase classname="com.DC.testCase.FriendsAssociatesDetails" name="FamilyDetailsTest" time="57.765"/>
  <system-out/>
  <testcase classname="com.DC.testCase.FriendsAssociatesDetails" name="FriendsAssociatesTest" time="77.713"/>
  <system-out/>
</testsuite> <!-- com.DC.testCase.FriendsAssociatesDetails -->
