<?xml version="1.0" encoding="UTF-8"?>
<!-- Generated by org.testng.reporters.JUnitReportReporter -->
<testsuite hostname="Rohit" failures="0" tests="10" name="com.DC.testCase.MessagingApp" time="74.579" errors="0" timestamp="2023-05-10T10:59:37 IST" skipped="0">
  <testcase classname="com.DC.testCase.MessagingApp" name="loginTest" time="2.421"/>
  <system-out/>
  <testcase classname="com.DC.testCase.MessagingApp" name="UserTest" time="5.160"/>
  <system-out/>
  <testcase classname="com.DC.testCase.MessagingApp" name="IntoTest" time="9.731"/>
  <system-out/>
  <testcase classname="com.DC.testCase.MessagingApp" name="PresentTest" time="4.252"/>
  <system-out/>
  <testcase classname="com.DC.testCase.MessagingApp" name="PermanentAddressTest" time="5.201"/>
  <system-out/>
  <testcase classname="com.DC.testCase.MessagingApp" name="EducationTest" time="9.373"/>
  <system-out/>
  <testcase classname="com.DC.testCase.MessagingApp" name="TelephoneNumberTest" time="5.124"/>
  <system-out/>
  <testcase classname="com.DC.testCase.MessagingApp" name="LanguageTest" time="5.125"/>
  <system-out/>
  <testcase classname="com.DC.testCase.MessagingApp" name="EmailTest" time="2.115"/>
  <system-out/>
  <testcase classname="com.DC.testCase.MessagingApp" name="MessgingAppTest" time="26.077"/>
  <system-out/>
</testsuite> <!-- com.DC.testCase.MessagingApp -->
